This is XeTeX, Version 3.14159265-2.6-0.99992 (MiKTeX 2.9 64-bit) (preloaded format=xelatex 2016.3.16)  17 MAR 2016 10:51
entering extended mode
**"DBS3.tex"
(DBS3.tex
LaTeX2e <2015/10/01> patch level 2
Babel <3.9n> and hyphenation patterns for 69 languages loaded.
("C:\Program Files\MiKTeX 2.9\tex\latex\base\report.cls"
Document Class: report 2014/09/29 v1.4h Standard LaTeX document class
("C:\Program Files\MiKTeX 2.9\tex\latex\base\size12.clo"
File: size12.clo 2014/09/29 v1.4h Standard LaTeX file (size option)
)
\c@part=\count79
\c@chapter=\count80
\c@section=\count81
\c@subsection=\count82
\c@subsubsection=\count83
\c@paragraph=\count84
\c@subparagraph=\count85
\c@figure=\count86
\c@table=\count87
\abovecaptionskip=\skip41
\belowcaptionskip=\skip42
\bibindent=\dimen102
)
("C:\Program Files\MiKTeX 2.9\tex\latex\amsmath\amsmath.sty"
Package: amsmath 2013/01/14 v2.14 AMS math features
\@mathmargin=\skip43

For additional information on amsmath, use the `?' option.
("C:\Program Files\MiKTeX 2.9\tex\latex\amsmath\amstext.sty"
Package: amstext 2000/06/29 v2.01

("C:\Program Files\MiKTeX 2.9\tex\latex\amsmath\amsgen.sty"
File: amsgen.sty 1999/11/30 v2.0
\@emptytoks=\toks14
\ex@=\dimen103
))
("C:\Program Files\MiKTeX 2.9\tex\latex\amsmath\amsbsy.sty"
Package: amsbsy 1999/11/29 v1.2d
\pmbraise@=\dimen104
)
("C:\Program Files\MiKTeX 2.9\tex\latex\amsmath\amsopn.sty"
Package: amsopn 1999/12/14 v2.01 operator names
)
\inf@bad=\count88
LaTeX Info: Redefining \frac on input line 210.
\uproot@=\count89
\leftroot@=\count90
LaTeX Info: Redefining \overline on input line 306.
\classnum@=\count91
\DOTSCASE@=\count92
LaTeX Info: Redefining \ldots on input line 378.
LaTeX Info: Redefining \dots on input line 381.
LaTeX Info: Redefining \cdots on input line 466.
\Mathstrutbox@=\box26
\strutbox@=\box27
\big@size=\dimen105
LaTeX Font Info:    Redeclaring font encoding OML on input line 566.
LaTeX Font Info:    Redeclaring font encoding OMS on input line 567.
\macc@depth=\count93
\c@MaxMatrixCols=\count94
\dotsspace@=\muskip10
\c@parentequation=\count95
\dspbrk@lvl=\count96
\tag@help=\toks15
\row@=\count97
\column@=\count98
\maxfields@=\count99
\andhelp@=\toks16
\eqnshift@=\dimen106
\alignsep@=\dimen107
\tagshift@=\dimen108
\tagwidth@=\dimen109
\totwidth@=\dimen110
\lineht@=\dimen111
\@envbody=\toks17
\multlinegap=\skip44
\multlinetaggap=\skip45
\mathdisplay@stack=\toks18
LaTeX Info: Redefining \[ on input line 2665.
LaTeX Info: Redefining \] on input line 2666.
)
("C:\Program Files\MiKTeX 2.9\tex\latex\amsfonts\amssymb.sty"
Package: amssymb 2013/01/14 v3.01 AMS font symbols

("C:\Program Files\MiKTeX 2.9\tex\latex\amsfonts\amsfonts.sty"
Package: amsfonts 2013/01/14 v3.01 Basic AMSFonts support
\symAMSa=\mathgroup4
\symAMSb=\mathgroup5
LaTeX Font Info:    Overwriting math alphabet `\mathfrak' in version `bold'
(Font)                  U/euf/m/n --> U/euf/b/n on input line 106.
))
("C:\Program Files\MiKTeX 2.9\tex\latex\amscls\amsthm.sty"
Package: amsthm 2015/03/04 v2.20.2
\thm@style=\toks19
\thm@bodyfont=\toks20
\thm@headfont=\toks21
\thm@notefont=\toks22
\thm@headpunct=\toks23
\thm@preskip=\skip46
\thm@postskip=\skip47
\thm@headsep=\skip48
\dth@everypar=\toks24
)
("C:\Program Files\MiKTeX 2.9\tex\latex\graphics\color.sty"
Package: color 2014/10/28 v1.1a Standard LaTeX Color (DPC)

("C:\Program Files\MiKTeX 2.9\tex\latex\00miktex\color.cfg"
File: color.cfg 2007/01/18 v1.5 color configuration of teTeX/TeXLive
)
Package color Info: Driver file: xetex.def on input line 142.

(C:\Users\SKings\AppData\Roaming\MiKTeX\2.9\tex\xelatex\xetex-def\xetex.def
File: xetex.def 2015/09/11 v4.06 LaTeX color/graphics driver for XeTeX (TeX Liv
e/RRM/JK)

("C:\Program Files\MiKTeX 2.9\tex\generic\oberdiek\infwarerr.sty"
Package: infwarerr 2010/04/08 v1.3 Providing info/warning/error messages (HO)
)
("C:\Program Files\MiKTeX 2.9\tex\generic\oberdiek\ltxcmds.sty"
Package: ltxcmds 2011/11/09 v1.22 LaTeX kernel commands for general use (HO)
)))
(C:\Users\SKings\AppData\Roaming\MiKTeX\2.9\tex\latex\algorithms\algorithm.sty
Invalid UTF-8 byte or sequence at line 11 replaced by U+FFFD.
Package: algorithm 2009/08/24 v0.1 Document Style `algorithm' - floating enviro
nment

("C:\Program Files\MiKTeX 2.9\tex\latex\float\float.sty"
Package: float 2001/11/08 v1.3d Float enhancements (AL)
\c@float@type=\count100
\float@exts=\toks25
\float@box=\box28
\@float@everytoks=\toks26
\@floatcapt=\box29
)
("C:\Program Files\MiKTeX 2.9\tex\latex\base\ifthen.sty"
Package: ifthen 2014/09/29 v1.1c Standard LaTeX ifthen package (DPC)
)
\@float@every@algorithm=\toks27
\c@algorithm=\count101
)
(C:\Users\SKings\AppData\Roaming\MiKTeX\2.9\tex\latex\algorithms\algorithmic.st
y
Invalid UTF-8 byte or sequence at line 11 replaced by U+FFFD.
Package: algorithmic 2009/08/24 v0.1 Document Style `algorithmic'
 ("C:\Program Files\MiKTeX 2.9\tex\latex\graphics\keyval.sty"
Package: keyval 2014/10/28 v1.15 key=value parser (DPC)
\KV@toks@=\toks28
)
\c@ALC@unique=\count102
\c@ALC@line=\count103
\c@ALC@rem=\count104
\c@ALC@depth=\count105
\ALC@tlm=\skip49
\algorithmicindent=\skip50
)
("C:\Program Files\MiKTeX 2.9\tex\latex\graphics\graphicx.sty"
Package: graphicx 2014/10/28 v1.0g Enhanced LaTeX Graphics (DPC,SPQR)

("C:\Program Files\MiKTeX 2.9\tex\latex\graphics\graphics.sty"
Package: graphics 2014/10/28 v1.0p Standard LaTeX Graphics (DPC,SPQR)

("C:\Program Files\MiKTeX 2.9\tex\latex\graphics\trig.sty"
Package: trig 1999/03/16 v1.09 sin cos tan (DPC)
)
("C:\Program Files\MiKTeX 2.9\tex\latex\00miktex\graphics.cfg"
File: graphics.cfg 2007/01/18 v1.5 graphics configuration of teTeX/TeXLive
)
Package graphics Info: Driver file: xetex.def on input line 94.
)
\Gin@req@height=\dimen112
\Gin@req@width=\dimen113
)
("C:\Program Files\MiKTeX 2.9\tex\latex\multirow\multirow.sty"
\bigstrutjot=\dimen114
)
(C:\Users\SKings\AppData\Roaming\MiKTeX\2.9\tex\latex\appendix\appendix.sty
Package: appendix 2009/09/02 v1.2b extra appendix facilities
\c@@pps=\count106
\c@@ppsavesec=\count107
\c@@ppsaveapp=\count108
)
(C:\Users\SKings\AppData\Roaming\MiKTeX\2.9\tex\latex\vector\vector.sty
Package: vector 1994/09/16 v1.0 vector macros for LaTeX2e (nde)

("C:\Program Files\MiKTeX 2.9\tex\latex\tools\calc.sty"
Package: calc 2014/10/28 v4.3 Infix arithmetic (KKT,FJ)
\calc@Acount=\count109
\calc@Bcount=\count110
\calc@Adimen=\dimen115
\calc@Bdimen=\dimen116
\calc@Askip=\skip51
\calc@Bskip=\skip52
LaTeX Info: Redefining \setlength on input line 80.
LaTeX Info: Redefining \addtolength on input line 81.
\calc@Ccount=\count111
\calc@Cskip=\skip53
)
\c@vec@elem=\count112
)
(C:\Users\SKings\AppData\Roaming\MiKTeX\2.9\tex\latex\titlesec\titletoc.sty
Package: titletoc 2011/12/15 v1.6 TOC entries
\ttl@leftsep=\dimen117
)
(C:\Users\SKings\AppData\Roaming\MiKTeX\2.9\tex\latex\enumitem\enumitem.sty
Package: enumitem 2011/09/28 v3.5.2 Customized lists
\labelindent=\skip54
\enit@outerparindent=\dimen118
\enit@toks=\toks29
\enit@inbox=\box30
\enitdp@description=\count113
)
(C:\Users\SKings\AppData\Roaming\MiKTeX\2.9\tex\latex\setspace\setspace.sty
Package: setspace 2011/12/19 v6.7a set line spacing
)
(C:\Users\SKings\AppData\Roaming\MiKTeX\2.9\tex\latex\fancyhdr\fancyhdr.sty
\fancy@headwidth=\skip55
\f@ncyO@elh=\skip56
\f@ncyO@erh=\skip57
\f@ncyO@olh=\skip58
\f@ncyO@orh=\skip59
\f@ncyO@elf=\skip60
\f@ncyO@erf=\skip61
\f@ncyO@olf=\skip62
\f@ncyO@orf=\skip63
)
("C:\Program Files\MiKTeX 2.9\tex\latex\fontspec\fontspec.sty"
Package: fontspec 2015/09/24 v2.4e Font selection for XeLaTeX and LuaLaTeX

(C:\Users\SKings\AppData\Roaming\MiKTeX\2.9\tex\latex\l3kernel\expl3.sty
Package: expl3 2016/01/19 v6377 L3 programming layer (loader) 

(C:\Users\SKings\AppData\Roaming\MiKTeX\2.9\tex\latex\l3kernel\expl3-code.tex
Package: expl3 2016/01/19 v6377 L3 programming layer (code)
L3 Module: l3bootstrap 2016/01/01 v6339 L3 Bootstrap code
L3 Module: l3names 2015/12/21 v6328 L3 Namespace for primitives
L3 Module: l3basics 2015/11/22 v6315 L3 Basic definitions
L3 Module: l3expan 2015/09/10 v5983 L3 Argument expansion
L3 Module: l3tl 2015/09/29 v6121 L3 Token lists
L3 Module: l3str 2016/01/03 v6357 L3 Strings
L3 Module: l3seq 2015/08/05 v5777 L3 Sequences and stacks
L3 Module: l3int 2016/01/05 v6366 L3 Integers
\c_max_int=\count114
\l_tmpa_int=\count115
\l_tmpb_int=\count116
\g_tmpa_int=\count117
\g_tmpb_int=\count118
L3 Module: l3quark 2015/08/17 v5855 L3 Quarks
L3 Module: l3prg 2015/11/01 v6216 L3 Control structures
\g__prg_map_int=\count119
L3 Module: l3clist 2015/09/02 v5901 L3 Comma separated lists
L3 Module: l3token 2015/11/11 v6249 L3 Experimental token manipulation
L3 Module: l3prop 2016/01/05 v6366 L3 Property lists
L3 Module: l3msg 2015/09/28 v6113 L3 Messages
L3 Module: l3file 2015/12/03 v6317 L3 File and I/O operations
\l_iow_line_count_int=\count120
\l__iow_target_count_int=\count121
\l__iow_current_line_int=\count122
\l__iow_current_word_int=\count123
\l__iow_current_indentation_int=\count124
L3 Module: l3skip 2016/01/05 v6366 L3 Dimensions and skips
\c_zero_dim=\dimen119
\c_max_dim=\dimen120
\l_tmpa_dim=\dimen121
\l_tmpb_dim=\dimen122
\g_tmpa_dim=\dimen123
\g_tmpb_dim=\dimen124
\c_zero_skip=\skip64
\c_max_skip=\skip65
\l_tmpa_skip=\skip66
\l_tmpb_skip=\skip67
\g_tmpa_skip=\skip68
\g_tmpb_skip=\skip69
\c_zero_muskip=\muskip11
\c_max_muskip=\muskip12
\l_tmpa_muskip=\muskip13
\l_tmpb_muskip=\muskip14
\g_tmpa_muskip=\muskip15
\g_tmpb_muskip=\muskip16
L3 Module: l3keys 2015/11/17 v6284 L3 Key-value interfaces
\g__keyval_level_int=\count125
\l_keys_choice_int=\count126
L3 Module: l3fp 2015/08/25 v5890 L3 Floating points
\c__fp_leading_shift_int=\count127
\c__fp_middle_shift_int=\count128
\c__fp_trailing_shift_int=\count129
\c__fp_big_leading_shift_int=\count130
\c__fp_big_middle_shift_int=\count131
\c__fp_big_trailing_shift_int=\count132
\c__fp_Bigg_leading_shift_int=\count133
\c__fp_Bigg_middle_shift_int=\count134
\c__fp_Bigg_trailing_shift_int=\count135
L3 Module: l3box 2015/08/09 v5822 L3 Experimental boxes
\c_empty_box=\box31
\l_tmpa_box=\box32
\l_tmpb_box=\box33
\g_tmpa_box=\box34
\g_tmpb_box=\box35
L3 Module: l3coffins 2015/08/06 v5789 L3 Coffin code layer
\l__coffin_internal_box=\box36
\l__coffin_internal_dim=\dimen125
\l__coffin_offset_x_dim=\dimen126
\l__coffin_offset_y_dim=\dimen127
\l__coffin_x_dim=\dimen128
\l__coffin_y_dim=\dimen129
\l__coffin_x_prime_dim=\dimen130
\l__coffin_y_prime_dim=\dimen131
\c_empty_coffin=\box37
\l__coffin_aligned_coffin=\box38
\l__coffin_aligned_internal_coffin=\box39
\l_tmpa_coffin=\box40
\l_tmpb_coffin=\box41
\l__coffin_display_coffin=\box42
\l__coffin_display_coord_coffin=\box43
\l__coffin_display_pole_coffin=\box44
\l__coffin_display_offset_dim=\dimen132
\l__coffin_display_x_dim=\dimen133
\l__coffin_display_y_dim=\dimen134
L3 Module: l3color 2014/08/23 v5354 L3 Experimental color support
L3 Module: l3sys 2015/09/25 v6087 L3 Experimental system/runtime functions
L3 Module: l3candidates 2016/01/14 v6376 L3 Experimental additions to l3kernel
\l__box_top_dim=\dimen135
\l__box_bottom_dim=\dimen136
\l__box_left_dim=\dimen137
\l__box_right_dim=\dimen138
\l__box_top_new_dim=\dimen139
\l__box_bottom_new_dim=\dimen140
\l__box_left_new_dim=\dimen141
\l__box_right_new_dim=\dimen142
\l__box_internal_box=\box45
\l__coffin_bounding_shift_dim=\dimen143
\l__coffin_left_corner_dim=\dimen144
\l__coffin_right_corner_dim=\dimen145
\l__coffin_bottom_corner_dim=\dimen146
\l__coffin_top_corner_dim=\dimen147
\l__coffin_scaled_total_height_dim=\dimen148
\l__coffin_scaled_width_dim=\dimen149
L3 Module: l3luatex 2015/11/11 v6250 L3 Experimental LuaTeX-specific functions
)
(C:\Users\SKings\AppData\Roaming\MiKTeX\2.9\tex\latex\l3kernel\l3xdvipdfmx.def
File: l3xdvidpfmx.def 2015/11/11 v6250 L3 Experimental driver: xdvipdfmx
))
(C:\Users\SKings\AppData\Roaming\MiKTeX\2.9\tex\latex\l3packages\xparse\xparse.
sty
Package: xparse 2016/01/19 v6377 L3 Experimental document command parser
\l__xparse_current_arg_int=\count136
\l__xparse_m_args_int=\count137
\l__xparse_mandatory_args_int=\count138
\l__xparse_processor_int=\count139
\l__xparse_v_nesting_int=\count140
)
\l_fontspec_script_int=\count141
\l_fontspec_language_int=\count142
\l_fontspec_strnum_int=\count143
\l__fontspec_tmpa_dim=\dimen150
\l__fontspec_tmpb_dim=\dimen151
\l__fontspec_tmpc_dim=\dimen152
 ("C:\Program Files\MiKTeX 2.9\tex\latex\fontspec\fontspec-patches.sty"
Package: fontspec-patches 2015/09/24 v2.4e Font selection for XeLaTeX and LuaLa
TeX
LaTeX Info: Redefining \em on input line 49.
LaTeX Info: Redefining \emph on input line 57.
LaTeX Info: Redefining \- on input line 60.
.................................................
. LaTeX info: "xparse/redefine-command"
. 
. Redefining command \oldstylenums with sig. 'm' on line 155.
.................................................
.................................................
. LaTeX info: "xparse/define-command"
. 
. Defining command \liningnums with sig. 'm' on line 159.
.................................................
)
("C:\Program Files\MiKTeX 2.9\tex\latex\fontspec\fontspec-xetex.sty"
Package: fontspec-xetex 2015/09/24 v2.4e Font selection for XeLaTeX and LuaLaTe
X

("C:\Program Files\MiKTeX 2.9\tex\latex\base\fontenc.sty"
Package: fontenc 2005/09/27 v1.99g Standard LaTeX package

("C:\Program Files\MiKTeX 2.9\tex\latex\euenc\eu1enc.def"
File: eu1enc.def 2010/05/27 v0.1h Experimental Unicode font encodings
)
LaTeX Font Info:    Try loading font information for EU1+lmr on input line 105.


("C:\Program Files\MiKTeX 2.9\tex\latex\euenc\eu1lmr.fd"
File: eu1lmr.fd 2009/10/30 v1.6 Font defs for Latin Modern
))
("C:\Program Files\MiKTeX 2.9\tex\xelatex\xunicode\xunicode.sty"
File: xunicode.sty 2011/09/09 v0.981 provides access to latin accents and many 
other characters in Unicode lower plane

(C:\Users\SKings\AppData\Roaming\MiKTeX\2.9\tex\latex\tipa\t3enc.def
File: t3enc.def 2001/12/31 T3 encoding
LaTeX Font Info:    Try loading font information for EU1+lmss on input line 357
.

("C:\Program Files\MiKTeX 2.9\tex\latex\euenc\eu1lmss.fd"
File: eu1lmss.fd 2009/10/30 v1.6 Font defs for Latin Modern
))
\tipaTiiicode=\count144
\tipasavetokens=\toks30
\tipachecktokens=\toks31
)
.................................................
. LaTeX info: "xparse/define-command"
. 
. Defining command \__fontspec_post_arg:w with sig. 'mmO{}' on line 42.
.................................................
.................................................
. LaTeX info: "xparse/define-command"
. 
. Defining command \fontspec with sig. 'om' on line 44.
.................................................
.................................................
. LaTeX info: "xparse/define-command"
. 
. Defining command \setmainfont with sig. 'om' on line 54.
.................................................
.................................................
. LaTeX info: "xparse/define-command"
. 
. Defining command \setsansfont with sig. 'om' on line 64.
.................................................
.................................................
. LaTeX info: "xparse/define-command"
. 
. Defining command \setmonofont with sig. 'om' on line 74.
.................................................
.................................................
. LaTeX info: "xparse/define-command"
. 
. Defining command \setmathrm with sig. 'om' on line 88.
.................................................
.................................................
. LaTeX info: "xparse/define-command"
. 
. Defining command \setboldmathrm with sig. 'om' on line 96.
.................................................
.................................................
. LaTeX info: "xparse/define-command"
. 
. Defining command \setmathsf with sig. 'om' on line 104.
.................................................
.................................................
. LaTeX info: "xparse/define-command"
. 
. Defining command \setmathtt with sig. 'om' on line 112.
.................................................
.................................................
. LaTeX info: "xparse/define-command"
. 
. Defining command \newfontfamily with sig. 'mom' on line 126.
.................................................
.................................................
. LaTeX info: "xparse/define-command"
. 
. Defining command \newfontface with sig. 'mom' on line 141.
.................................................
.................................................
. LaTeX info: "xparse/define-command"
. 
. Defining command \defaultfontfeatures with sig. 't+om' on line 155.
.................................................
.................................................
. LaTeX info: "xparse/define-command"
. 
. Defining command \addfontfeatures with sig. 'm' on line 210.
.................................................
.................................................
. LaTeX info: "xparse/define-command"
. 
. Defining command \newfontfeature with sig. 'mm' on line 221.
.................................................
.................................................
. LaTeX info: "xparse/define-command"
. 
. Defining command \newAATfeature with sig. 'mmmm' on line 229.
.................................................
.................................................
. LaTeX info: "xparse/define-command"
. 
. Defining command \newopentypefeature with sig. 'mmm' on line 237.
.................................................
.................................................
. LaTeX info: "xparse/define-command"
. 
. Defining command \aliasfontfeature with sig. 'mm' on line 258.
.................................................
.................................................
. LaTeX info: "xparse/define-command"
. 
. Defining command \aliasfontfeatureoption with sig. 'mmm' on line 267.
.................................................
.................................................
. LaTeX info: "xparse/define-command"
. 
. Defining command \newfontscript with sig. 'mm' on line 272.
.................................................
.................................................
. LaTeX info: "xparse/define-command"
. 
. Defining command \newfontlanguage with sig. 'mm' on line 298.
.................................................
.................................................
. LaTeX info: "xparse/define-command"
. 
. Defining command \DeclareFontsExtensions with sig. 'm' on line 318.
.................................................
\l__fontspec_tmp_int=\count145
LaTeX Info: Redefining \itshape on input line 2227.
LaTeX Info: Redefining \slshape on input line 2232.
LaTeX Info: Redefining \scshape on input line 2237.
LaTeX Info: Redefining \upshape on input line 2242.

("C:\Program Files\MiKTeX 2.9\tex\latex\fontspec\fontspec.cfg")))
(C:\Users\SKings\AppData\Roaming\MiKTeX\2.9\tex\latex\caption\caption.sty
Package: caption 2016/02/21 v3.3-144 Customizing captions (AR)

(C:\Users\SKings\AppData\Roaming\MiKTeX\2.9\tex\latex\caption\caption3.sty
Package: caption3 2016/02/04 v1.7-139 caption3 kernel (AR)
Package caption3 Info: TeX engine: e-TeX on input line 67.
\captionmargin=\dimen153
\captionmargin@=\dimen154
\captionwidth=\dimen155
\caption@tempdima=\dimen156
\caption@indent=\dimen157
\caption@parindent=\dimen158
\caption@hangindent=\dimen159
)
\c@ContinuedFloat=\count146
Package caption Info: float package is loaded.
)
(C:\Users\SKings\AppData\Roaming\MiKTeX\2.9\tex\latex\subfig\subfig.sty
Package: subfig 2005/06/28 ver: 1.3 subfig package
\c@KVtest=\count147
\sf@farskip=\skip70
\sf@captopadj=\dimen160
\sf@capskip=\skip71
\sf@nearskip=\skip72
\c@subfigure=\count148
\c@subfigure@save=\count149
\c@lofdepth=\count150
\c@subtable=\count151
\c@subtable@save=\count152
\c@lotdepth=\count153
\sf@top=\skip73
\sf@bottom=\skip74
)
(C:\Users\SKings\AppData\Roaming\MiKTeX\2.9\tex\xelatex\xepersian\xepersian.sty
Package: xepersian 2015/12/07 v16.4 Persian typesetting in XeLaTeX

(C:\Users\SKings\AppData\Roaming\MiKTeX\2.9\tex\xelatex\xepersian\xepersian-per
siancal.sty
Package: xepersian-persiancal 2012/07/25 v0.2 provides Persian calendar
\XePersian@i=\count154
\XePersian@y=\count155
\XePersian@m=\count156
\XePersian@d=\count157
\XePersian@latini=\count158
\XePersian@persiani=\count159
\XePersian@latinii=\count160
\XePersian@persianii=\count161
\XePersian@latiniii=\count162
\XePersian@persianiii=\count163
\XePersian@latiniv=\count164
\XePersian@persianiv=\count165
\XePersian@latinv=\count166
\XePersian@persianv=\count167
\XePersian@latinvi=\count168
\XePersian@persianvi=\count169
\XePersian@latinvii=\count170
\XePersian@persianvii=\count171
\XePersian@latinviii=\count172
\XePersian@persianviii=\count173
\XePersian@latinix=\count174
\XePersian@persianix=\count175
\XePersian@latinx=\count176
\XePersian@persianx=\count177
\XePersian@latinxi=\count178
\XePersian@persianxi=\count179
\XePersian@latinxii=\count180
\XePersian@persianxii=\count181
\XePersian@persianxiii=\count182
\XePersian@temp=\count183
\XePersian@temptwo=\count184
\XePersian@tempthree=\count185
\XePersian@yModHundred=\count186
\XePersian@thirtytwo=\count187
\XePersian@dn=\count188
\XePersian@sn=\count189
\XePersian@mminusone=\count190
)
(C:\Users\SKings\AppData\Roaming\MiKTeX\2.9\tex\xelatex\xepersian\xepersian-mat
hsdigitspec.sty
Package: xepersian-mathsdigitspec 2015/12/07 v1.1.1 Unicode Persian maths digit
s in XeLaTeX
.................................................
. LaTeX info: "xparse/define-command"
. 
. Defining command \new@mathbf with sig. 'm' on line 132.
.................................................
.................................................
. LaTeX info: "xparse/define-command"
. 
. Defining command \new@mathit with sig. 'm' on line 140.
.................................................
.................................................
. LaTeX info: "xparse/define-command"
. 
. Defining command \new@mathrm with sig. 'm' on line 148.
.................................................
.................................................
. LaTeX info: "xparse/define-command"
. 
. Defining command \new@mathsf with sig. 'm' on line 156.
.................................................
.................................................
. LaTeX info: "xparse/define-command"
. 
. Defining command \new@mathtt with sig. 'm' on line 164.
.................................................
.................................................
. LaTeX info: "xparse/define-command"
. 
. Defining command \setdigitfont with sig. 'om' on line 167.
.................................................
.................................................
. LaTeX info: "xparse/define-command"
. 
. Defining command \setmathsfdigitfont with sig. 'om' on line 195.
.................................................
.................................................
. LaTeX info: "xparse/define-command"
. 
. Defining command \setmathttdigitfont with sig. 'om' on line 204.
.................................................
) ("C:\Program Files\MiKTeX 2.9\tex\xelatex\bidi\bidi.sty"
Package: bidi 2015/12/07 v19.1 Bidirectional typesetting in plain TeX and LaTeX


****************************************************
* 
* bidi package (Bidirectional typesetting in
* plain TeX and LaTeX, using XeTeX engine)
* 
* Description: A convenient interface for
* typesetting bidirectional texts in plain TeX
* and LaTeX. The package includes adaptations
* for use with many other commonly-used packages.
* 
* Copyright (c) 2009--2015 Vafa Khalighi
* 
* 2015/12/07, v19.1
* 
* License: LaTeX Project Public License, version
* 1.3c or higher (your choice)
* 
* Location on CTAN: /macros/xetex/latex/bidi
* 
* Issue tracker: https://github.com/persian-tex/bidi/issues
* 
* Support: persian-tex@tug.org
****************************************************
(C:\Users\SKings\AppData\Roaming\MiKTeX\2.9\tex\latex\iftex\iftex.sty
Package: iftex 2013/04/04 v0.2 Provides if(tex) conditional for PDFTeX, XeTeX, 
and LuaTeX
)
("C:\Program Files\MiKTeX 2.9\tex\xelatex\bidi\biditools.sty"
Package: biditools 2015/11/14 v0.8 Programming tools for bidi package
\@bidi@envbody=\toks32
\@bidi@emptytoks=\toks33
)
("C:\Program Files\MiKTeX 2.9\tex\latex\oberdiek\zref-abspage.sty"
Package: zref-abspage 2012/04/04 v2.24 Module abspage for zref (HO)

("C:\Program Files\MiKTeX 2.9\tex\latex\oberdiek\zref-base.sty"
Package: zref-base 2012/04/04 v2.24 Module base for zref (HO)

("C:\Program Files\MiKTeX 2.9\tex\generic\oberdiek\kvsetkeys.sty"
Package: kvsetkeys 2012/04/25 v1.16 Key value parser (HO)

("C:\Program Files\MiKTeX 2.9\tex\generic\oberdiek\etexcmds.sty"
Package: etexcmds 2011/02/16 v1.5 Avoid name clashes with e-TeX commands (HO)

("C:\Program Files\MiKTeX 2.9\tex\generic\oberdiek\ifluatex.sty"
Package: ifluatex 2010/03/01 v1.3 Provides the ifluatex switch (HO)
Package ifluatex Info: LuaTeX not detected.
)
Package etexcmds Info: Could not find \expanded.
(etexcmds)             That can mean that you are not using pdfTeX 1.50 or
(etexcmds)             that some package has redefined \expanded.
(etexcmds)             In the latter case, load this package earlier.
))
("C:\Program Files\MiKTeX 2.9\tex\generic\oberdiek\kvdefinekeys.sty"
Package: kvdefinekeys 2011/04/07 v1.3 Define keys (HO)
)
("C:\Program Files\MiKTeX 2.9\tex\generic\oberdiek\pdftexcmds.sty"
Package: pdftexcmds 2011/11/29 v0.20 Utility functions of pdfTeX for LuaTeX (HO
)

("C:\Program Files\MiKTeX 2.9\tex\generic\oberdiek\ifpdf.sty"
Package: ifpdf 2011/01/30 v2.3 Provides the ifpdf switch (HO)
Package ifpdf Info: pdfTeX in PDF mode is not detected.
)
Package pdftexcmds Info: LuaTeX not detected.
Package pdftexcmds Info: pdfTeX >= 1.30 not detected.
Package pdftexcmds Info: \pdf@primitive is available.
Package pdftexcmds Info: \pdf@ifprimitive is available.
Package pdftexcmds Info: \pdfdraftmode not found.
)
("C:\Program Files\MiKTeX 2.9\tex\latex\oberdiek\auxhook.sty"
Package: auxhook 2011/03/04 v1.3 Hooks for auxiliary files (HO)
)
Package zref Info: New property list: main on input line 759.
Package zref Info: New property: default on input line 760.
Package zref Info: New property: page on input line 761.
)
("C:\Program Files\MiKTeX 2.9\tex\generic\oberdiek\atbegshi.sty"
Package: atbegshi 2011/10/05 v1.16 At begin shipout hook (HO)
)
\c@abspage=\count191
Package zref Info: New property: abspage on input line 62.
)
("C:\Program Files\MiKTeX 2.9\tex\latex\xkeyval\xkeyval.sty"
Package: xkeyval 2014/12/03 v2.7a package option processing (HA)

("C:\Program Files\MiKTeX 2.9\tex\generic\xkeyval\xkeyval.tex"
("C:\Program Files\MiKTeX 2.9\tex\generic\xkeyval\xkvutils.tex"
\XKV@toks=\toks34
\XKV@tempa@toks=\toks35
)
\XKV@depth=\count192
File: xkeyval.tex 2014/12/03 v2.7a key=value parser (HA)
))
("C:\Program Files\MiKTeX 2.9\tex\xelatex\bidi\latex-xetex-bidi.def"
File: latex-xetex-bidi.def 2015/11/14 v1.2.4 bidi adaptations for `latex.ltx' f
or XeTeX engine
\bidi@n@everypar=\toks36

("C:\Program Files\MiKTeX 2.9\tex\xelatex\bidi\footnote-xetex-bidi.def"
File: footnote-xetex-bidi.def 2015/11/14 v0.9 bidi footnote macros for XeTeX en
gine
\c@footdir@label=\count193
\footdir@toks=\toks37
)
("C:\Program Files\MiKTeX 2.9\tex\xelatex\bidi\report-xetex-bidi.def"
File: report-xetex-bidi.def 2015/11/14 v0.7 bidi adaptations for standard repor
t class for XeTeX engine
)
("C:\Program Files\MiKTeX 2.9\tex\xelatex\bidi\amsmath-xetex-bidi.def"
File: amsmath-xetex-bidi.def 2014/09/04 v0.9 bidi adaptations for amsmath packa
ge for XeTeX engine
)
("C:\Program Files\MiKTeX 2.9\tex\xelatex\bidi\amstext-xetex-bidi.def"
File: amstext-xetex-bidi.def 2013/04/04 v0.1 bidi adaptations for amstext packa
ge for XeTeX engine
)
("C:\Program Files\MiKTeX 2.9\tex\xelatex\bidi\amsthm-xetex-bidi.def"
File: amsthm-xetex-bidi.def 2010/07/25 v0.1 bidi adaptations for amsthm package
 for XeTeX engine
)
("C:\Program Files\MiKTeX 2.9\tex\xelatex\bidi\caption-xetex-bidi.def"
File: caption-xetex-bidi.def 2010/07/25 v0.1 bidi adaptations for caption packa
ge for XeTeX engine
)
("C:\Program Files\MiKTeX 2.9\tex\xelatex\bidi\caption3-xetex-bidi.def"
File: caption3-xetex-bidi.def 2013/04/01 v0.1 bidi adaptations for caption3 pac
kage for XeTeX engine
)
("C:\Program Files\MiKTeX 2.9\tex\xelatex\bidi\color-xetex-bidi.def"
File: color-xetex-bidi.def 2013/04/08 v0.2 bidi adaptations for color package f
or XeTeX engine
LaTeX Info: Redefining \color on input line 46.
)
("C:\Program Files\MiKTeX 2.9\tex\xelatex\bidi\float-xetex-bidi.def"
File: float-xetex-bidi.def 2013/04/04 v0.2 bidi adaptations for float package f
or XeTeX engine
)
("C:\Program Files\MiKTeX 2.9\tex\xelatex\bidi\graphicx-xetex-bidi.def"
File: graphicx-xetex-bidi.def 2012/01/01 v0.4 bidi adaptations for graphicx pac
kage for XeTeX engine
)
("C:\Program Files\MiKTeX 2.9\tex\xelatex\bidi\fancyhdr-xetex-bidi.def"
File: fancyhdr-xetex-bidi.def 2012/04/18 v0.4 bidi adaptations for fancyhdr pac
kage for XeTeX engine
)
("C:\Program Files\MiKTeX 2.9\tex\xelatex\bidi\titletoc-xetex-bidi.def"
File: titletoc-xetex-bidi.def 2013/04/10 v0.2 bidi adaptations for titletoc pac
kage for XeTeX engine
))
("C:\Program Files\MiKTeX 2.9\tex\xelatex\bidi\loadingorder-xetex-bidi.def"
File: loadingorder-xetex-bidi.def 2015/10/16 v0.96 making sure that bidi is the
 last package loaded
))
****************************************************
* 
* xepersian package (Persian for LaTeX, using XeTeX engine)
* 
* Description: The package supports Persian
* typesetting, using fonts provided in the
* distribution.
* 
* Copyright (c) 2008--2015 Vafa Khalighi
* 
* v16.4, 2015/12/07
* 
* License: LaTeX Project Public License, version
* 1.3c or higher (your choice)
* 
* Location on CTAN: /macros/xetex/latex/xepersian
* 
* Issue tracker: https://github.com/persian-tex/xepersian/issues
* 
* Support: persian-tex@tug.org
****************************************************
.................................................
. LaTeX info: "xparse/define-command"
. 
. Defining command \settextfont with sig. 'om' on line 101.
.................................................
.................................................
. LaTeX info: "xparse/define-command"
. 
. Defining command \setlatintextfont with sig. 'om' on line 118.
.................................................
.................................................
. LaTeX info: "xparse/define-command"
. 
. Defining command \defpersianfont with sig. 'mom' on line 135.
.................................................
.................................................
. LaTeX info: "xparse/define-command"
. 
. Defining command \deflatinfont with sig. 'mom' on line 150.
.................................................
.................................................
. LaTeX info: "xparse/define-command"
. 
. Defining command \setpersiansansfont with sig. 'om' on line 195.
.................................................
.................................................
. LaTeX info: "xparse/define-command"
. 
. Defining command \setpersianmonofont with sig. 'om' on line 204.
.................................................
.................................................
. LaTeX info: "xparse/define-command"
. 
. Defining command \setnavarfont with sig. 'om' on line 213.
.................................................
.................................................
. LaTeX info: "xparse/define-command"
. 
. Defining command \setpookfont with sig. 'om' on line 222.
.................................................
.................................................
. LaTeX info: "xparse/define-command"
. 
. Defining command \setsayehfont with sig. 'om' on line 231.
.................................................
.................................................
. LaTeX info: "xparse/define-command"
. 
. Defining command \setiranicfont with sig. 'om' on line 240.
.................................................

(C:\Users\SKings\AppData\Roaming\MiKTeX\2.9\tex\xelatex\xepersian\loadingorder-
xepersian.def
File: loadingorder-xepersian.def 2012/01/01 v0.3 making sure that xepersian is 
the last package loaded
)
(C:\Users\SKings\AppData\Roaming\MiKTeX\2.9\tex\xelatex\xepersian\appendix-xepe
rsian.def
File: appendix-xepersian.def 2015/02/01 v0.1 adaptations for appendix package
)
(C:\Users\SKings\AppData\Roaming\MiKTeX\2.9\tex\xelatex\xepersian\algorithmic-x
epersian.def
File: algorithmic-xepersian.def 2010/07/25 v0.2 adaptations for algorithmic pac
kage
)
(C:\Users\SKings\AppData\Roaming\MiKTeX\2.9\tex\xelatex\xepersian\algorithm-xep
ersian.def
File: algorithm-xepersian.def 2010/07/25 v0.2 adaptations for algorithm package

)
(C:\Users\SKings\AppData\Roaming\MiKTeX\2.9\tex\xelatex\xepersian\footnote-xepe
rsian.def
File: footnote-xepersian.def 2013/04/26 v0.4 footnote macros for xepersian pack
age
)
(C:\Users\SKings\AppData\Roaming\MiKTeX\2.9\tex\xelatex\xepersian\report-xepers
ian.def
File: report-xepersian.def 2010/07/25 v0.2 adaptations for standard report clas
s
)
(C:\Users\SKings\AppData\Roaming\MiKTeX\2.9\tex\xelatex\xepersian\kashida-xeper
sian.def
File: kashida-xepersian.def 2013/11/15 v0.3 implementation of Kashida for xeper
sian package
)
\g__file_internal_ior=\read1
\g__fontspec_family_lmroman10-regular_int=\count194
.................................................
. fontspec info: "defining-font"
. 
. Font family 'lmroman10-regular(0)' created for font 'lmroman10-regular' with
. options
. [Mapping=tex-text,ExternalLocation,BoldFont={lmroman10-bold},BoldItalicFont={
lmroman10-bolditalic},ItalicFont={lmroman10-italic},SmallCapsFont={lmromancaps1
0-regular},SlantedFont={lmromanslant10-regular},BoldSlantedFont={lmromanslant10
-bold}].
. 
. This font family consists of the following shapes:
. 
. * 'normal' with NFSS spec.:
. <->"[lmroman10-regular]/OT:script=latn;language=DFLT;mapping=tex-text;"
. 
. * 'small caps' with NFSS spec.:
. <->"[lmromancaps10-regular]/OT:script=latn;language=DFLT;mapping=tex-text;"
. and font adjustment code:
. 
. 
. * 'bold' with NFSS spec.:
. <->"[lmroman10-bold]/OT:script=latn;language=DFLT;mapping=tex-text;"
. 
. * 'bold small caps' with NFSS spec.:
. <->"[lmromancaps10-regular]/OT:script=latn;language=DFLT;mapping=tex-text;"
. and font adjustment code:
. 
. 
. * 'italic' with NFSS spec.:
. <->"[lmroman10-italic]/OT:script=latn;language=DFLT;mapping=tex-text;"
. 
. * 'small caps' with NFSS spec.:
. <->"[lmromancaps10-regular]/OT:script=latn;language=DFLT;mapping=tex-text;"
. and font adjustment code:
. 
. 
. * 'sl/,' with NFSS spec.:
. 
. <->"[lmromanslant10-regular]/OT:script=latn;language=DFLT;mapping=tex-text;"
. 
. * 'small caps' with NFSS spec.:
. <->"[lmromancaps10-regular]/OT:script=latn;language=DFLT;mapping=tex-text;"
. and font adjustment code:
. 
. 
. * 'bold italic' with NFSS spec.:
. <->"[lmroman10-bolditalic]/OT:script=latn;language=DFLT;mapping=tex-text;"
. 
. * 'bold small caps' with NFSS spec.:
. <->"[lmromancaps10-regular]/OT:script=latn;language=DFLT;mapping=tex-text;"
. and font adjustment code:
. 
. 
. * 'sl/,' with NFSS spec.:
. <->"[lmromanslant10-bold]/OT:script=latn;language=DFLT;mapping=tex-text;"
. 
. * 'bold small caps' with NFSS spec.:
. <->"[lmromancaps10-regular]/OT:script=latn;language=DFLT;mapping=tex-text;"
. and font adjustment code:
. 
.................................................
) ("C:\Program Files\MiKTeX 2.9\tex\latex\geometry\geometry.sty"
Package: geometry 2010/09/12 v5.6 Page Geometry

("C:\Program Files\MiKTeX 2.9\tex\generic\oberdiek\ifvtex.sty"
Package: ifvtex 2010/03/01 v1.5 Detect VTeX and its facilities (HO)
Package ifvtex Info: VTeX not detected.
)
("C:\Program Files\MiKTeX 2.9\tex\generic\ifxetex\ifxetex.sty"
Package: ifxetex 2010/09/12 v0.6 Provides ifxetex conditional
)
\Gm@cnth=\count195
\Gm@cntv=\count196
\c@Gm@tempcnt=\count197
\Gm@bindingoffset=\dimen161
\Gm@wd@mp=\dimen162
\Gm@odd@mp=\dimen163
\Gm@even@mp=\dimen164
\Gm@layoutwidth=\dimen165
\Gm@layoutheight=\dimen166
\Gm@layouthoffset=\dimen167
\Gm@layoutvoffset=\dimen168
\Gm@dimlist=\toks38

("C:\Program Files\MiKTeX 2.9\tex\xelatex\xetexconfig\geometry.cfg"))

! LaTeX Error: Option clash for package geometry.

See the LaTeX manual or LaTeX Companion for explanation.
Type  H <return>  for immediate help.
 ...                                              
                                                  
l.27 
     
The package geometry has already been loaded with options:
  [paperwidth=210mm,paperheight=297mm]
There has now been an attempt to load it with options
  [top=2.5cm,right=3.5cm,bottom=2.5cm,left=2.5cm]
Adding the global options:
  paperwidth=210mm,paperheight=297mm,top=2.5cm,right=3.5cm,bottom=2.5cm,left=2.
5cm
to your \documentclass declaration may fix this.
Try typing  <return>  to proceed.

*************************************************
* fontspec warning: "language-not-exist"
* 
* Language 'Parsi' not available for font 'B Lotus' with script 'Parsi'.
* 'Default' language used instead.
*************************************************
\g__fontspec_family_BLotus_int=\count198
.................................................
. fontspec info: "no-font-shape"
. 
. Could not resolve font B Lotus/I (it probably doesn't exist).
.................................................
.................................................
. fontspec info: "defining-font"
. 
. Font family 'BLotus(0)' created for font 'B Lotus' with options
. [Script=Parsi,Language=Parsi,Mapping=parsidigits,Scale=1.81].
. 
. This font family consists of the following shapes:
. 
. * 'normal' with NFSS spec.:
. <->s*[1.81]"B Lotus/OT:script=arab;language=DFLT;mapping=parsidigits;"
. 
. * 'small caps' with NFSS spec.:
. 
. and font adjustment code:
. 
. 
. * 'bold' with NFSS spec.:
. <->s*[1.81]"B Lotus/B/OT:script=arab;language=DFLT;mapping=parsidigits;"
. 
. * 'bold small caps' with NFSS spec.:
. 
. and font adjustment code:
. 
. 
. * 'bold italic' with NFSS spec.:
. <->s*[1.81]"B Lotus/BI/OT:script=arab;language=DFLT;mapping=parsidigits;"
. 
. * 'bold small caps' with NFSS spec.:
. 
. and font adjustment code:
. 
.................................................
*************************************************
* fontspec warning: "language-not-exist"
* 
* Language 'Parsi' not available for font 'B Lotus' with script 'Parsi'.
* 'Default' language used instead.
*************************************************
.................................................
. fontspec info: "no-font-shape"
. 
. Could not resolve font B Lotus/I (it probably doesn't exist).
.................................................
.................................................
. fontspec info: "defining-font"
. 
. Font family 'BLotus(1)' created for font 'B Lotus' with options
. [Script=Parsi,Language=Parsi,Mapping=parsidigits,Scale=1.54].
. 
. This font family consists of the following shapes:
. 
. * 'normal' with NFSS spec.:
. <->s*[1.54]"B Lotus/OT:script=arab;language=DFLT;mapping=parsidigits;"
. 
. * 'small caps' with NFSS spec.:
. 
. and font adjustment code:
. 
. 
. * 'bold' with NFSS spec.:
. <->s*[1.54]"B Lotus/B/OT:script=arab;language=DFLT;mapping=parsidigits;"
. 
. * 'bold small caps' with NFSS spec.:
. 
. and font adjustment code:
. 
. 
. * 'bold italic' with NFSS spec.:
. <->s*[1.54]"B Lotus/BI/OT:script=arab;language=DFLT;mapping=parsidigits;"
. 
. * 'bold small caps' with NFSS spec.:
. 
. and font adjustment code:
. 
.................................................
*************************************************
* fontspec warning: "language-not-exist"
* 
* Language 'Parsi' not available for font 'B Lotus' with script 'Parsi'.
* 'Default' language used instead.
*************************************************
.................................................
. fontspec info: "no-font-shape"
. 
. Could not resolve font B Lotus/I (it probably doesn't exist).
.................................................
.................................................
. fontspec info: "defining-font"
. 
. Font family 'BLotus(2)' created for font 'B Lotus' with options
. [Script=Parsi,Language=Parsi,Mapping=parsidigits,Scale=1.18].
. 
. This font family consists of the following shapes:
. 
. * 'normal' with NFSS spec.:
. <->s*[1.18]"B Lotus/OT:script=arab;language=DFLT;mapping=parsidigits;"
. 
. * 'small caps' with NFSS spec.:
. 
. and font adjustment code:
. 
. 
. * 'bold' with NFSS spec.:
. <->s*[1.18]"B Lotus/B/OT:script=arab;language=DFLT;mapping=parsidigits;"
. 
. * 'bold small caps' with NFSS spec.:
. 
. and font adjustment code:
. 
. 
. * 'bold italic' with NFSS spec.:
. <->s*[1.18]"B Lotus/BI/OT:script=arab;language=DFLT;mapping=parsidigits;"
. 
. * 'bold small caps' with NFSS spec.:
. 
. and font adjustment code:
. 
.................................................
*************************************************
* fontspec warning: "language-not-exist"
* 
* Language 'Parsi' not available for font 'B Lotus' with script 'Parsi'.
* 'Default' language used instead.
*************************************************
*************************************************
* fontspec warning: "language-not-exist"
* 
* Language 'Parsi' not available for font 'B Lotus' with script 'Parsi'.
* 'Default' language used instead.
*************************************************
LaTeX Font Info:    Font shape `EU1/BLotus(2)/m/n' will be
(Font)              scaled to size 11.79993pt on input line 52.
\g__fontspec_family_TimesNewRoman_int=\count199
LaTeX Font Info:    Font shape `EU1/BLotus(2)/m/n' will be
(Font)              scaled to size 14.15991pt on input line 53.
.................................................
. fontspec info: "defining-font"
. 
. Font family 'TimesNewRoman(0)' created for font 'Times New Roman' with
. options [Ligatures=TeX,Scale=1.0].
. 
. This font family consists of the following shapes:
. 
. * 'normal' with NFSS spec.:
. <->s*[1.0]"Times New Roman/OT:script=latn;language=DFLT;mapping=tex-text;"
. 
. * 'small caps' with NFSS spec.:
. <->s*[1.0]"Times New
. Roman/OT:script=latn;language=DFLT;mapping=tex-text;+smcp;"
. and font adjustment code:
. 
. 
. * 'bold' with NFSS spec.:
. <->s*[1.0]"Times New Roman/B/OT:script=latn;language=DFLT;mapping=tex-text;"
. 
. * 'bold small caps' with NFSS spec.:
. <->s*[1.0]"Times New
. Roman/B/OT:script=latn;language=DFLT;mapping=tex-text;+smcp;"
. and font adjustment code:
. 
. 
. * 'italic' with NFSS spec.:
. <->s*[1.0]"Times New Roman/I/OT:script=latn;language=DFLT;mapping=tex-text;"
. 
. * 'small caps' with NFSS spec.:
. <->s*[1.0]"Times New
. Roman/I/OT:script=latn;language=DFLT;mapping=tex-text;+smcp;"
. and font adjustment code:
. 
. 
. * 'bold italic' with NFSS spec.:
. <->s*[1.0]"Times New
. Roman/BI/OT:script=latn;language=DFLT;mapping=tex-text;"
. 
. * 'bold small caps' with NFSS spec.:
. <->s*[1.0]"Times New
. Roman/BI/OT:script=latn;language=DFLT;mapping=tex-text;+smcp;"
. and font adjustment code:
. 
.................................................
.................................................
. fontspec info: "defining-font"
. 
. Font family 'TimesNewRoman(1)' created for font 'Times New Roman' with
. options [Mapping=tex-text,Scale=1.0].
. 
. This font family consists of the following shapes:
. 
. * 'normal' with NFSS spec.:
. <->s*[1.0]"Times New Roman/OT:script=latn;language=DFLT;mapping=tex-text;"
. 
. * 'small caps' with NFSS spec.:
. <->s*[1.0]"Times New
. Roman/OT:script=latn;language=DFLT;mapping=tex-text;+smcp;"
. and font adjustment code:
. 
. 
. * 'bold' with NFSS spec.:
. <->s*[1.0]"Times New Roman/B/OT:script=latn;language=DFLT;mapping=tex-text;"
. 
. * 'bold small caps' with NFSS spec.:
. <->s*[1.0]"Times New
. Roman/B/OT:script=latn;language=DFLT;mapping=tex-text;+smcp;"
. and font adjustment code:
. 
. 
. * 'italic' with NFSS spec.:
. <->s*[1.0]"Times New Roman/I/OT:script=latn;language=DFLT;mapping=tex-text;"
. 
. * 'small caps' with NFSS spec.:
. <->s*[1.0]"Times New
. Roman/I/OT:script=latn;language=DFLT;mapping=tex-text;+smcp;"
. and font adjustment code:
. 
. 
. * 'bold italic' with NFSS spec.:
. <->s*[1.0]"Times New
. Roman/BI/OT:script=latn;language=DFLT;mapping=tex-text;"
. 
. * 'bold small caps' with NFSS spec.:
. <->s*[1.0]"Times New
. Roman/BI/OT:script=latn;language=DFLT;mapping=tex-text;+smcp;"
. and font adjustment code:
. 
.................................................
LaTeX Info: Redefining \latinfont on input line 55.
\g__fontspec_family_PGaramond_int=\count266
.................................................
. fontspec info: "defining-font"
. 
. Font family 'PGaramond(0)' created for font 'PGaramond' with options
. [Mapping=parsidigits,Scale=1.2].
. 
. This font family consists of the following shapes:
. 
. * 'normal' with NFSS spec.:
. <->s*[1.2]"PGaramond/OT:script=latn;language=DFLT;mapping=parsidigits;"
. 
. * 'small caps' with NFSS spec.:
. 
. and font adjustment code:
. 
. 
. * 'bold' with NFSS spec.:
. <->s*[1.2]"PGaramond/B/OT:script=latn;language=DFLT;mapping=parsidigits;"
. 
. * 'bold small caps' with NFSS spec.:
. 
. and font adjustment code:
. 
. 
. * 'italic' with NFSS spec.:
. <->s*[1.2]"PGaramond/I/OT:script=latn;language=DFLT;mapping=parsidigits;"
. 
. * 'small caps' with NFSS spec.:
. 
. and font adjustment code:
. 
. 
. * 'bold italic' with NFSS spec.:
. <->s*[1.2]"PGaramond/BI/OT:script=latn;language=DFLT;mapping=parsidigits;"
. 
. * 'bold small caps' with NFSS spec.:
. 
. and font adjustment code:
. 
.................................................
Package xepersian-mathsdigitspec Info: DefiningthedefaultPersianmathsdigitsfont
as'PGaramond' on input line 56.
\symOPERATORS=\mathgroup6
\symnew@mathbf@font@digits=\mathgroup7
\symnew@mathit@font@digits=\mathgroup8
\symnew@mathrm@font@digits=\mathgroup9
(DBS3.aux)
\openout1 = `DBS3.aux'.

LaTeX Font Info:    Checking defaults for OML/cmm/m/it on input line 90.
LaTeX Font Info:    ... okay on input line 90.
LaTeX Font Info:    Checking defaults for T1/cmr/m/n on input line 90.
LaTeX Font Info:    ... okay on input line 90.
LaTeX Font Info:    Checking defaults for OT1/cmr/m/n on input line 90.
LaTeX Font Info:    ... okay on input line 90.
LaTeX Font Info:    Checking defaults for OMS/cmsy/m/n on input line 90.
LaTeX Font Info:    ... okay on input line 90.
LaTeX Font Info:    Checking defaults for OMX/cmex/m/n on input line 90.
LaTeX Font Info:    ... okay on input line 90.
LaTeX Font Info:    Checking defaults for U/cmr/m/n on input line 90.
LaTeX Font Info:    ... okay on input line 90.
LaTeX Font Info:    Checking defaults for EU1/lmr/m/n on input line 90.
LaTeX Font Info:    ... okay on input line 90.
LaTeX Font Info:    Checking defaults for T3/cmr/m/n on input line 90.
LaTeX Font Info:    Try loading font information for T3+cmr on input line 90.
 (C:\Users\SKings\AppData\Roaming\MiKTeX\2.9\tex\latex\tipa\t3cmr.fd
File: t3cmr.fd 2001/12/31 TIPA font definitions
)
LaTeX Font Info:    ... okay on input line 90.
Package caption Info: Begin \AtBeginDocument code.
Package caption Info: subfig package v1.3 is loaded.
Package caption Info: End \AtBeginDocument code.
\AtBeginShipoutBox=\box46

! Package bidi Error: Oops! you have loaded package geometry after bidi package
. Please load package geometry before bidi package, and then try to run xelatex
 on your document again.

See the bidi package documentation for explanation.
Type  H <return>  for immediate help.
 ...                                              
                                                  
l.90 \begin{document}
                     
This error message was generated by an \errmessage
command, so I can't give any explicit help.
Pretend that you're Hercule Poirot: Examine all clues,
and deduce the truth by order and method.

*geometry* detected driver: pdftex
*geometry* verbose mode - [ preamble ] result:
* driver: pdftex
* paper: custom
* layout: <same size as paper>
* layoutoffset:(h,v)=(0.0pt,0.0pt)
* modes: 
* h-part:(L,W,R)=(89.62709pt, 418.25368pt, 89.6271pt)
* v-part:(T,H,B)=(101.40665pt, 591.5302pt, 152.11pt)
* \paperwidth=597.50787pt
* \paperheight=845.04684pt
* \textwidth=418.25368pt
* \textheight=591.5302pt
* \oddsidemargin=17.3571pt
* \evensidemargin=17.3571pt
* \topmargin=-7.86334pt
* \headheight=12.0pt
* \headsep=25.0pt
* \topskip=12.0pt
* \footskip=30.0pt
* \marginparwidth=35.0pt
* \marginparsep=10.0pt
* \columnsep=10.0pt
* \skip\footins=10.8pt plus 4.0pt minus 2.0pt
* \hoffset=0.0pt
* \voffset=0.0pt
* \mag=1000
* \@twocolumnfalse
* \@twosidefalse
* \@mparswitchfalse
* \@reversemarginfalse
* (1in=72.27pt=25.4mm, 1cm=28.453pt)

! Undefined control sequence.
l.92 \Persian
             
The control sequence at the end of the top line
of your error message was never \def'ed. If you have
misspelled it (e.g., `\hobx'), type `I' and the correct
spelling (e.g., `I\hbox'). Otherwise just continue,
and I'll forget about whatever was undefined.

LaTeX Font Info:    Font shape `EU1/BLotus(2)/m/n' will be
(Font)              scaled to size 24.47305pt on input line 93.
LaTeX Font Info:    Font shape `EU1/BLotus(0)/m/n' will be
(Font)              scaled to size 37.53935pt on input line 93.
LaTeX Font Info:    Font shape `EU1/BLotus(2)/m/n' will be
(Font)              scaled to size 16.99188pt on input line 93.
LaTeX Font Info:    Try loading font information for U+msa on input line 93.
("C:\Program Files\MiKTeX 2.9\tex\latex\amsfonts\umsa.fd"
File: umsa.fd 2013/01/14 v3.01 AMS symbols A
)
LaTeX Font Info:    Try loading font information for U+msb on input line 93.

("C:\Program Files\MiKTeX 2.9\tex\latex\amsfonts\umsb.fd"
File: umsb.fd 2013/01/14 v3.01 AMS symbols B
)
LaTeX Font Info:    Font shape `EU1/PGaramond(0)/m/n' will be
(Font)              scaled to size 17.27994pt on input line 93.
LaTeX Font Info:    Font shape `EU1/PGaramond(0)/m/n' will be
(Font)              scaled to size 11.99997pt on input line 93.
LaTeX Font Info:    Font shape `EU1/PGaramond(0)/m/n' will be
(Font)              scaled to size 8.39998pt on input line 93.
LaTeX Font Info:    Font shape `EU1/PGaramond(0)/bx/n' will be
(Font)              scaled to size 17.27994pt on input line 93.
LaTeX Font Info:    Font shape `EU1/PGaramond(0)/bx/n' will be
(Font)              scaled to size 11.99997pt on input line 93.
LaTeX Font Info:    Font shape `EU1/PGaramond(0)/bx/n' will be
(Font)              scaled to size 8.39998pt on input line 93.
LaTeX Font Info:    Font shape `EU1/PGaramond(0)/m/it' will be
(Font)              scaled to size 17.27994pt on input line 93.
LaTeX Font Info:    Font shape `EU1/PGaramond(0)/m/it' will be
(Font)              scaled to size 11.99997pt on input line 93.
LaTeX Font Info:    Font shape `EU1/PGaramond(0)/m/it' will be
(Font)              scaled to size 8.39998pt on input line 93.
 [1

]
LaTeX Font Info:    Font shape `EU1/BLotus(2)/m/n' will be
(Font)              scaled to size 29.35822pt on input line 95.
LaTeX Font Info:    Font shape `EU1/BLotus(2)/bx/n' will be
(Font)              scaled to size 29.35822pt on input line 95.
 (DBS3.toc)
\tf@toc=\write3
\openout3 = `DBS3.toc'.


[1

] (DBS3.lof
LaTeX Font Info:    Font shape `EU1/PGaramond(0)/m/n' will be
(Font)              scaled to size 14.39996pt on input line 2.
LaTeX Font Info:    Font shape `EU1/PGaramond(0)/m/n' will be
(Font)              scaled to size 9.59998pt on input line 2.
LaTeX Font Info:    Font shape `EU1/PGaramond(0)/m/n' will be
(Font)              scaled to size 7.19998pt on input line 2.
LaTeX Font Info:    Font shape `EU1/PGaramond(0)/bx/n' will be
(Font)              scaled to size 14.39996pt on input line 2.
LaTeX Font Info:    Font shape `EU1/PGaramond(0)/bx/n' will be
(Font)              scaled to size 9.59998pt on input line 2.
LaTeX Font Info:    Font shape `EU1/PGaramond(0)/bx/n' will be
(Font)              scaled to size 7.19998pt on input line 2.
LaTeX Font Info:    Font shape `EU1/PGaramond(0)/m/it' will be
(Font)              scaled to size 14.39996pt on input line 2.
LaTeX Font Info:    Font shape `EU1/PGaramond(0)/m/it' will be
(Font)              scaled to size 9.59998pt on input line 2.
LaTeX Font Info:    Font shape `EU1/PGaramond(0)/m/it' will be
(Font)              scaled to size 7.19998pt on input line 2.
)
\tf@lof=\write4
\openout4 = `DBS3.lof'.

 [2

]
! Undefined control sequence.
l.100 \Persian
              
The control sequence at the end of the top line
of your error message was never \def'ed. If you have
misspelled it (e.g., `\hobx'), type `I' and the correct
spelling (e.g., `I\hbox'). Otherwise just continue,
and I'll forget about whatever was undefined.

LaTeX Font Info:    Font shape `EU1/BLotus(1)/bx/n' will be
(Font)              scaled to size 38.31503pt on input line 103.
LaTeX Font Info:    Font shape `EU1/BLotus(2)/m/n' will be
(Font)              scaled to size 20.39026pt on input line 104.
LaTeX Font Info:    Font shape `EU1/BLotus(2)/bx/n' will be
(Font)              scaled to size 20.39026pt on input line 104.
! Undefined control sequence.
<argument> \BLotussubsection 
                             {}
l.104 ...{\BLotussubsection{}}
                                                  
The control sequence at the end of the top line
of your error message was never \def'ed. If you have
misspelled it (e.g., `\hobx'), type `I' and the correct
spelling (e.g., `I\hbox'). Otherwise just continue,
and I'll forget about whatever was undefined.

LaTeX Font Info:    Font shape `EU1/BLotus(2)/bx/n' will be
(Font)              scaled to size 11.79993pt on input line 108.
! Undefined control sequence.
l.109 \floating
               
The control sequence at the end of the top line
of your error message was never \def'ed. If you have
misspelled it (e.g., `\hobx'), type `I' and the correct
spelling (e.g., `I\hbox'). Otherwise just continue,
and I'll forget about whatever was undefined.


LaTeX Warning: File `Damavandr.jpg' not found on input line 110.

! Unable to load picture or PDF file 'Damavandr.jpg'.
<to be read again> 
                   }
l.110 ...ics[height=0.3\textheight]{Damavandr.jpg}
                                                  
The requested image couldn't be read because
it was not a recognized image format.


! Package graphics Error: Division by 0.

See the graphics package documentation for explanation.
Type  H <return>  for immediate help.
 ...                                              
                                                  
l.110 ...ics[height=0.3\textheight]{Damavandr.jpg}
                                                  
Your command was ignored.
Type  I <command> <return>  to replace it with another command,
or  <return>  to continue without it.

File: Damavandr.jpg Graphic file (type QTm)
<use  "Damavandr.jpg" >
! Unable to load picture or PDF file 'Damavandr.jpg'.
<to be read again> 
                   \GXT@clipend 
l.110 ...ics[height=0.3\textheight]{Damavandr.jpg}
                                                  
The requested image couldn't be read because
it was not a recognized image format.

[3

] [4] (DBS3.aux) ) 
Here is how much of TeX's memory you used:
 20153 strings out of 428721
 391524 string characters out of 3164046
 446401 words of memory out of 3000000
 23202 multiletter control sequences out of 15000+200000
 11316 words of font info for 97 fonts, out of 3000000 for 9000
 1096 hyphenation exceptions out of 8191
 60i,8n,77p,10449b,397s stack positions out of 5000i,500n,10000p,200000b,50000s

Output written on DBS3.pdf (5 pages).
